[2026-02-25T10:31:54.649Z] 
Order: 699eb348a3d5d30330639ade 
Stored: "101675" 
Received: "291812" 
Match: false
---
[2026-02-25T10:31:57.153Z] 
Order: 699eb348a3d5d30330639ade 
Stored: "101675" 
Received: "291812" 
Match: false
---
[2026-02-25T10:32:03.984Z] 
Order: 699ecf1ba09d71608940a37f 
Stored: "291812" 
Received: "291812" 
Match: true
---
[2026-02-25T10:52:37.435Z] 
Order: 699ed40f7265d56280fcf82f 
Stored: "659502" 
Received: "659502" 
Match: true
---
[2026-02-25T10:56:37.950Z] 
Order: 699ed4917265d56280fcf9df 
Stored: "790997" 
Received: "790997" 
Match: true
---
[2026-02-28T06:54:45.618Z] 
Order: 69a29001e6d53927bf6d1984 
Stored: "704703" 
Received: "704703" 
Match: true
---
[2026-02-28T09:19:27.506Z] 
Order: 69a2b24a07cd11bdbc0286bb 
Stored: "461199" 
Received: "461199" 
Match: true
---
